#
# There is insufficient memory for the Java Runtime Environment to continue.
# Native memory allocation (malloc) failed to allocate 1048576 bytes for AllocateHeap
# Possible reasons:
#   The system is out of physical RAM or swap space
#   In 32 bit mode, the process size limit was hit
# Possible solutions:
#   Reduce memory load on the system
#   Increase physical memory or swap space
#   Check if swap backing store is full
#   Use 64 bit Java on a 64 bit OS
#   Decrease Java heap size (-Xmx/-Xms)
#   Decrease number of Java threads
#   Decrease Java thread stack sizes (-Xss)
#   Set larger code cache with -XX:ReservedCodeCacheSize=
# This output file may be truncated or incomplete.
#
#  Out of Memory Error (memory/allocation.inline.hpp:61), pid=7100, tid=0x0000000000003160
#
# JRE version:  (8.0_111-b14) (build )
# Java VM: Java HotSpot(TM) 64-Bit Server VM (25.111-b14 mixed mode windows-amd64 compressed oops)
# Failed to write core dump. Minidumps are not enabled by default on client versions of Windows
#

---------------  T H R E A D  ---------------

Current thread (0x0000000003192800):  JavaThread "Unknown thread" [_thread_in_vm, id=12640, stack(0x0000000003090000,0x0000000003190000)]

Stack: [0x0000000003090000,0x0000000003190000]
[error occurred during error reporting (printing stack bounds), id 0xc0000005]

Native frames: (J=compiled Java code, j=interpreted, Vv=VM code, C=native code)


---------------  P R O C E S S  ---------------

Java Threads: ( => current thread )

Other Threads:

=>0x0000000003192800 (exited) JavaThread "Unknown thread" [_thread_in_vm, id=12640, stack(0x0000000003090000,0x0000000003190000)]

VM state:not at safepoint (normal execution)

VM Mutex/Monitor currently owned by a thread: None

Heap:
 PSYoungGen      total 54784K, used 942K [0x0000000782f80000, 0x0000000786c80000, 0x00000007c0000000)
  eden space 47104K, 2% used [0x0000000782f80000,0x000000078306b860,0x0000000785d80000)
  from space 7680K, 0% used [0x0000000786500000,0x0000000786500000,0x0000000786c80000)
  to   space 7680K, 0% used [0x0000000785d80000,0x0000000785d80000,0x0000000786500000)
 ParOldGen       total 125952K, used 0K [0x0000000708e00000, 0x0000000710900000, 0x0000000782f80000)
  object space 125952K, 0% used [0x0000000708e00000,0x0000000708e00000,0x0000000710900000)
 Metaspace       used 746K, capacity 4480K, committed 4480K, reserved 1056768K
  class space    used 75K, capacity 384K, committed 384K, reserved 1048576K

Card table byte_map: [0x0000000012650000,0x0000000012c10000] byte_map_base: 0x000000000ee09000

Marking Bits: (ParMarkBitMap*) 0x000000006f39a6c0
 Begin Bits: [0x00000000137f0000, 0x00000000165b8000)
 End Bits:   [0x00000000165b8000, 0x0000000019380000)

Polling page: 0x0000000000bf0000

CodeCache: size=245760Kb used=328Kb max_used=328Kb free=245431Kb
 bounds [0x0000000003290000, 0x0000000003500000, 0x0000000012290000]
 total_blobs=58 nmethods=0 adapters=38
 compilation: enabled

Compilation events (0 events):
No events

GC Heap History (0 events):
No events

Deoptimization events (0 events):
No events

Internal exceptions (0 events):
No events

Events (10 events):
Event: 2.658 loading class java/lang/Short
Event: 2.658 loading class java/lang/Short done
Event: 2.658 loading class java/lang/Integer
Event: 2.658 loading class java/lang/Integer done
Event: 2.658 loading class java/lang/Long
Event: 2.659 loading class java/lang/Long done
Event: 2.659 loading class java/lang/NullPointerException
Event: 2.659 loading class java/lang/NullPointerException done
Event: 2.659 loading class java/lang/ArithmeticException
Event: 2.659 loading class java/lang/ArithmeticException done


Dynamic libraries:
0x00007ff6ec000000 - 0x00007ff6ec037000 	J:\folder\jre1.8\bin\javaw.exe
0x00007ffb389f0000 - 0x00007ffb38bd1000 	C:\windows\SYSTEM32\ntdll.dll
0x00007ffb35eb0000 - 0x00007ffb35f61000 	C:\windows\System32\KERNEL32.DLL
0x00007ffb35ae0000 - 0x00007ffb35d53000 	C:\windows\System32\KERNELBASE.dll
0x00007ffb38020000 - 0x00007ffb380c1000 	C:\windows\System32\ADVAPI32.dll
0x00007ffb35f70000 - 0x00007ffb3600e000 	C:\windows\System32\msvcrt.dll
0x00007ffb38270000 - 0x00007ffb382cb000 	C:\windows\System32\sechost.dll
0x00007ffb362c0000 - 0x00007ffb363e4000 	C:\windows\System32\RPCRT4.dll
0x00007ffb38700000 - 0x00007ffb38890000 	C:\windows\System32\USER32.dll
0x00007ffb35d60000 - 0x00007ffb35d80000 	C:\windows\System32\win32u.dll
0x00007ffb38930000 - 0x00007ffb38958000 	C:\windows\System32\GDI32.dll
0x00007ffb34dc0000 - 0x00007ffb34f51000 	C:\windows\System32\gdi32full.dll
0x00007ffb35a40000 - 0x00007ffb35adf000 	C:\windows\System32\msvcp_win.dll
0x00007ffb351d0000 - 0x00007ffb352c8000 	C:\windows\System32\ucrtbase.dll
0x00007ffb270a0000 - 0x00007ffb27309000 	C:\windows\WinSxS\amd64_microsoft.windows.common-controls_6595b64144ccf1df_6.0.17134.829_none_fb46a5473061b9d5\COMCTL32.dll
0x00007ffb382d0000 - 0x00007ffb385f2000 	C:\windows\System32\combase.dll
0x00007ffb35150000 - 0x00007ffb351ca000 	C:\windows\System32\bcryptPrimitives.dll
0x00007ffb35e80000 - 0x00007ffb35ead000 	C:\windows\System32\IMM32.DLL
0x000000006d930000 - 0x000000006da02000 	J:\folder\jre1.8\bin\msvcr100.dll
0x000000006eb80000 - 0x000000006f41a000 	J:\folder\jre1.8\bin\server\jvm.dll
0x00007ffb386f0000 - 0x00007ffb386f8000 	C:\windows\System32\PSAPI.DLL
0x00007ffb2ef80000 - 0x00007ffb2ef89000 	C:\windows\SYSTEM32\WSOCK32.dll
0x00007ffb380d0000 - 0x00007ffb3813c000 	C:\windows\System32\WS2_32.dll
0x00007ffb33060000 - 0x00007ffb33083000 	C:\windows\SYSTEM32\WINMM.dll
0x00007ffb2f670000 - 0x00007ffb2f67a000 	C:\windows\SYSTEM32\VERSION.dll
0x00007ffb32f10000 - 0x00007ffb32f3a000 	C:\windows\SYSTEM32\WINMMBASE.dll
0x00007ffb35d80000 - 0x00007ffb35dc9000 	C:\windows\System32\cfgmgr32.dll
0x000000006f9a0000 - 0x000000006f9af000 	J:\folder\jre1.8\bin\verify.dll
0x000000006f970000 - 0x000000006f999000 	J:\folder\jre1.8\bin\java.dll
0x000000006f950000 - 0x000000006f966000 	J:\folder\jre1.8\bin\zip.dll

VM Arguments:
jvm_args: -ea -Dfile.encoding=UTF-8 
java_command: org.eclipse.jdt.internal.junit.runner.RemoteTestRunner -version 3 -port 64783 -testLoaderClass org.eclipse.jdt.internal.junit4.runner.JUnit4TestLoader -loaderpluginname org.eclipse.jdt.junit4.runtime -test com.webcode.TestCSV:main -testfailures C:\Users\wushaopei\AppData\Local\Temp\testFailures3982644277959265112.txt
java_class_path (initial): J:\work_space\plush-activiti\target\test-classes;J:\work_space\plush-activiti\target\classes;H:\P2C\RepMaven\RepMaven\junit\junit\4.12\junit-4.12.jar;H:\P2C\RepMaven\RepMaven\org\hamcrest\hamcrest-core\1.3\hamcrest-core-1.3.jar;H:\P2C\RepMaven\RepMaven\com\alibaba\druid\1.1.12\druid-1.1.12.jar;H:\P2C\RepMaven\RepMaven\commons-beanutils\commons-beanutils\1.9.3\commons-beanutils-1.9.3.jar;H:\P2C\RepMaven\RepMaven\commons-logging\commons-logging\1.2\commons-logging-1.2.jar;H:\P2C\RepMaven\RepMaven\commons-collections\commons-collections\3.2.2\commons-collections-3.2.2.jar;H:\P2C\RepMaven\RepMaven\mysql\mysql-connector-java\8.0.13\mysql-connector-java-8.0.13.jar;H:\P2C\RepMaven\RepMaven\com\google\protobuf\protobuf-java\3.6.1\protobuf-java-3.6.1.jar;H:\P2C\RepMaven\RepMaven\org\projectlombok\lombok\1.16.12\lombok-1.16.12.jar;H:\P2C\RepMaven\RepMaven\ch\qos\logback\logback-core\1.1.8\logback-core-1.1.8.jar;H:\P2C\RepMaven\RepMaven\ch\qos\logback\logback-classic\1.1.8\logback-classic-1.1.8.jar;H:\P2C\RepMaven\RepMaven\org\slf4j\slf4j-api\1.7.22\slf4j-api-1.7.22.jar;H:\P2C\RepMaven\RepMaven\org\activiti\activiti-engine\5.22.0\activiti-engine-5.22.0.jar;H:\P2C\RepMaven\RepMaven\org\activiti\activiti-bpmn-converter\5.22.0\activiti-bpmn-converter-5.22.0.jar;H:\P2C\RepMaven\RepMaven\org\activiti\activiti-bpmn-model\5.22.0\activiti-bpmn-model-5.22.0.jar;H:\P2C\RepMaven\RepMaven\com\fasterxml\jackson\core\jackson-core\2.2.3\jackson-core-2.2.3.jar;H:\P2C\RepMaven\RepMaven\com\fasterxml\jackson\core\jackson-databind\2.2.3\jackson-databind-2.2.3.jar;H:\P2C\RepMaven\RepMaven\com\fasterxml\jackson\core\jackson-annotations\2.2.3\jackson-annotations-2.2.3.jar;H:\P2C\RepMaven\RepMaven\org\activiti\activiti-process-validation\5.22.0\activiti-process-validation-5.22.0.jar;H:\P2C\RepMaven\RepMaven\org\activiti\activiti-image-generator\5.22.0\activiti-image-generator-5.22.0.jar;H:\P2C\RepMaven\RepMaven\org\apache\commons\commons-email\1.4\commons-email-1.4.jar;H
Launcher Type: SUN_STANDARD

Environment Variables:
JAVA_HOME=J:\folder\JDK1.8
CLASSPATH=C:\tibco\tibrv\8.4\lib\tibrvnative.jar;.;C:\Users\wushaopei\AppData\Local\Temp\LRE83F0.tmp\lib;C:\Users\wushaopei\AppData\Local\Temp\LRE83F0.tmp\lib\dt.jar;C:\Users\wushaopei\AppData\Local\Temp\LRE83F0.tmp\lib\tools.jar
PATH=J:/folder/jre1.8/bin/server;J:/folder/jre1.8/bin;J:/folder/jre1.8/lib/amd64;C:\tibco\tibrv\8.4\bin;F:\QQPram\xshell\;G:\app\wushaopei\product\11.2.0\dbhome_1\bin;C:\ProgramData\Oracle\Java\javapath;C:\windows\system32;C:\windows;C:\windows\System32\Wbem;C:\windows\System32\WindowsPowerShell\v1.0\;C:\windows\System32\OpenSSH\;C:\Users\wushaopei\AppData\Local\Temp\LRE83F0.tmp\bin;C:\Users\wushaopei\AppData\Local\Temp\LRE83F0.tmp\jre\bin;J:\P2C\apache-maven-3.3.9\bin;J:\develop\mysql-8.0.16-winx64\bin;F:\Program Files (x86)\Subversion\bin;F:\QQPram\nvm;J:\develop\Git\cmd;F:\QQPram\Tortoise svn\bin;C:\Python\Python27\Scripts\;C:\Python\Python27\;C:\Users\wushaopei\AppData\Local\Microsoft\WindowsApps;C:\Program Files\Bandizip\;F:\QQPram\nvm;%NVM_SYMLINK%;F:\QQPram\Microsoft VS Code\bin;F:\QQPram\nodejs\node_global;C:\Users\wushaopei\AppData\Local\BypassRuntm;F:\QQPram\nodejs;;J:\develop\spring\sts-3.8.3.RELEASE;
USERNAME=wushaopei
OS=Windows_NT
PROCESSOR_IDENTIFIER=Intel64 Family 6 Model 142 Stepping 10, GenuineIntel



---------------  S Y S T E M  ---------------

OS: Windows 10.0 , 64 bit Build 17134 (10.0.17134.753)

CPU:total 8 (4 cores per cpu, 2 threads per core) family 6 model 142 stepping 10, cmov, cx8, fxsr, mmx, sse, sse2, sse3, ssse3, sse4.1, sse4.2, popcnt, avx, avx2, aes, clmul, erms, 3dnowpref, lzcnt, ht, tsc, tscinvbit, bmi1, bmi2, adx

Memory: 4k page, physical 11998176k(2108004k free), swap 19862620k(6272k free)

vm_info: Java HotSpot(TM) 64-Bit Server VM (25.111-b14) for windows-amd64 JRE (1.8.0_111-b14), built on Sep 22 2016 19:24:05 by "java_re" with MS VC++ 10.0 (VS2010)

time: Thu Apr 16 14:48:16 2020
elapsed time: 2 seconds (0d 0h 0m 2s)

